2024-12-17 15:35:27.290 [info] [main] Log level: Info
2024-12-17 15:35:27.291 [info] [main] Validating found git in: "git"
2024-12-17 15:35:27.292 [info] [main] Using git "2.39.5" from "git"
2024-12-17 15:35:27.292 [info] [Model][doInitialScan] Initial repository scan started
2024-12-17 15:35:27.293 [info] > git rev-parse --show-toplevel [15ms]
2024-12-17 15:35:27.294 [info] fatal: not a git repository (or any parent up to mount point /var)
Stopping at filesystem boundary (GIT_DISCOVERY_ACROSS_FILESYSTEM not set).
2024-12-17 15:35:27.311 [info] > git rev-parse --show-toplevel [35ms]
2024-12-17 15:35:27.312 [info] fatal: not a git repository (or any parent up to mount point /var)
Stopping at filesystem boundary (GIT_DISCOVERY_ACROSS_FILESYSTEM not set).
2024-12-17 15:35:27.334 [info] > git rev-parse --show-toplevel [11ms]
2024-12-17 15:35:27.334 [info] fatal: not a git repository (or any parent up to mount point /var)
Stopping at filesystem boundary (GIT_DISCOVERY_ACROSS_FILESYSTEM not set).
2024-12-17 15:35:27.353 [info] > git rev-parse --show-toplevel [12ms]
2024-12-17 15:35:27.353 [info] fatal: not a git repository (or any parent up to mount point /var)
Stopping at filesystem boundary (GIT_DISCOVERY_ACROSS_FILESYSTEM not set).
2024-12-17 15:35:27.360 [info] [Model][doInitialScan] Initial repository scan completed - repositories (0), closed repositories (0), parent repositories (0), unsafe repositories (0)
2024-12-17 15:36:18.601 [info] > git rev-parse --show-toplevel [10ms]
2024-12-17 15:36:18.601 [info] fatal: not a git repository (or any parent up to mount point /var)
Stopping at filesystem boundary (GIT_DISCOVERY_ACROSS_FILESYSTEM not set).
